Looking for git in: git
Using git 2.28.0 from git
> git rev-parse --show-toplevel
> git rev-parse --git-dir
Open repository: /home/justin/JustinCardona.github.io
> git status -z -u
> git symbolic-ref --short HEAD
> git rev-parse master
> git rev-parse --symbolic-full-name master@{u}
> git rev-list --left-right master...refs/remotes/origin/master
> git for-each-ref --sort -committerdate --format %(refname) %(objectname)
> git remote --verbose
> git config --get commit.template
> git show --textconv :PostInstall/kde.sh
> git ls-files --stage -- /home/justin/JustinCardona.github.io/PostInstall/kde.sh
> git cat-file -s 0c8ccbda9b14ebf4dc249822b3b2689cce548d17
> git check-ignore -v -z --stdin
> git log --format=%H%n%aN%n%aE%n%at%n%ct%n%P%n%B -z -n21 -- /home/justin/JustinCardona.github.io/PostInstall/kde.sh
> git log --format=%H%n%aN%n%aE%n%at%n%ct%n%P%n%B -z -n41 -- /home/justin/JustinCardona.github.io/PostInstall/kde.sh
> git show --textconv :part2.sh
> git ls-files --stage -- /home/justin/JustinCardona.github.io/part2.sh
> git cat-file -s b447fc1bd8b9615feaa2f1c5010e18523f635e5b
> git show --textconv :PostInstall/i3.sh
> git ls-files --stage -- /home/justin/JustinCardona.github.io/PostInstall/i3.sh
> git cat-file -s 5bd1b7286dcb5ba60defa7d5067363bd1381d5db
> git status -z -u
> git symbolic-ref --short HEAD
> git rev-parse master
> git rev-parse --symbolic-full-name master@{u}
> git rev-list --left-right master...refs/remotes/origin/master
> git for-each-ref --sort -committerdate --format %(refname) %(objectname)
> git remote --verbose
> git config --get commit.template
> git status -z -u
> git symbolic-ref --short HEAD
> git rev-parse master
> git rev-parse --symbolic-full-name master@{u}
> git rev-list --left-right master...refs/remotes/origin/master
> git for-each-ref --sort -committerdate --format %(refname) %(objectname)
> git remote --verbose
> git config --get commit.template
> git status -z -u
> git ls-files --stage -- /home/justin/JustinCardona.github.io/part2.sh
> git ls-files --stage -- /home/justin/JustinCardona.github.io/PostInstall/i3.sh
> git symbolic-ref --short HEAD
> git cat-file -s 43b18b2932da27702503e2cf01337ef6be39ac7a
> git rev-parse master
> git cat-file -s 81270aad9f70cd15b33e9ed43b4d153deb99e704
> git rev-parse --symbolic-full-name master@{u}
> git rev-list --left-right master...refs/remotes/origin/master
> git show --textconv :part2.sh
> git for-each-ref --sort -committerdate --format %(refname) %(objectname)
> git remote --verbose
> git show --textconv :PostInstall/i3.sh
> git config --get commit.template
